<?xml version="1.0" encoding="UTF-8" ?>
<testsuite tests="7" failures="0" name="test.java.TextCalculatorTest" time="0.002" errors="0" skipped="0">
  <properties>
[...]
</properties>
  <testcase classname="test.java.TextCalculatorTest" name="performOperationShouldRaiseExceptionWhenNotDoubleArguments" time="0"/>
  <testcase classname="test.java.TextCalculatorTest" name="performOperationForUnknownShouldReturnProperResult" time="0"/>
  <testcase classname="test.java.TextCalculatorTest" name="performOperationShouldReturnZeroForNotNumericArguments" time="0"/>
  <testcase classname="test.java.TextCalculatorTest" name="performOperationForAdditionShouldReturnProperResult" time="0"/>
  <testcase classname="test.java.TextCalculatorTest" name="performOperationForMultiplicationShouldReturnProperResult" time="0"/>
  <testcase classname="test.java.TextCalculatorTest" name="performOperationForDivisionShouldReturnProperResult" time="0.002"/>
  <testcase classname="test.java.TextCalculatorTest" name="performOperationForSubtractionShouldReturnProperResult" time="0"/>
</testsuite>